2025-01-27 01:59:42 INFO  TC_002_LoginTest:17 - **** Starting TC_002_LoginTest  ****
2025-01-27 01:59:43 INFO  TC_002_LoginTest:24 - clicked on myaccount link on the home page..
2025-01-27 01:59:43 INFO  TC_002_LoginTest:26 - clicked on login link under myaccount..
2025-01-27 01:59:43 INFO  TC_002_LoginTest:30 - Entering valid email and password..
2025-01-27 01:59:45 INFO  TC_002_LoginTest:34 - clicked on login button..
2025-01-27 01:59:45 INFO  TC_002_LoginTest:53 - **** Finished TC_002_LoginTest  ****
2025-01-27 02:01:06 INFO  TC_002_LoginTest:17 - **** Starting TC_002_LoginTest  ****
2025-01-27 02:01:07 INFO  TC_002_LoginTest:24 - clicked on myaccount link on the home page..
2025-01-27 02:01:08 INFO  TC_002_LoginTest:26 - clicked on login link under myaccount..
2025-01-27 02:01:08 INFO  TC_002_LoginTest:30 - Entering valid email and password..
2025-01-27 02:01:10 INFO  TC_002_LoginTest:34 - clicked on login button..
2025-01-27 02:01:10 INFO  TC_002_LoginTest:53 - **** Finished TC_002_LoginTest  ****
2025-01-27 02:14:05 INFO  TC_002_LoginTest:17 - **** Starting TC_002_LoginTest  ****
2025-01-27 02:14:05 INFO  TC_002_LoginTest:24 - clicked on myaccount link on the home page..
2025-01-27 02:14:06 INFO  TC_002_LoginTest:26 - clicked on login link under myaccount..
2025-01-27 02:14:06 INFO  TC_002_LoginTest:30 - Entering valid email and password..
2025-01-27 02:14:08 INFO  TC_002_LoginTest:34 - clicked on login button..
2025-01-27 02:14:08 INFO  TC_002_LoginTest:53 - **** Finished TC_002_LoginTest  ****
2025-01-27 02:17:30 INFO  TC_002_LoginTest:17 - **** Starting TC_002_LoginTest  ****
2025-01-27 02:17:30 INFO  TC_002_LoginTest:24 - clicked on myaccount link on the home page..
2025-01-27 02:17:31 INFO  TC_002_LoginTest:26 - clicked on login link under myaccount..
2025-01-27 02:17:31 INFO  TC_002_LoginTest:30 - Entering valid email and password..
2025-01-27 02:17:32 INFO  TC_002_LoginTest:34 - clicked on login button..
2025-01-27 02:17:33 INFO  TC_002_LoginTest:53 - **** Finished TC_002_LoginTest  ****
2025-01-27 02:23:24 INFO  TC_002_LoginTest:17 - **** Starting TC_002_LoginTest  ****
2025-01-27 02:23:25 INFO  TC_002_LoginTest:24 - clicked on myaccount link on the home page..
2025-01-27 02:23:26 INFO  TC_002_LoginTest:26 - clicked on login link under myaccount..
2025-01-27 02:23:26 INFO  TC_002_LoginTest:30 - Entering valid email and password..
2025-01-27 02:23:27 INFO  TC_002_LoginTest:34 - clicked on login button..
2025-01-27 02:23:28 INFO  TC_002_LoginTest:53 - **** Finished TC_002_LoginTest  ****
2025-01-27 02:24:41 INFO  TC_002_LoginTest:17 - **** Starting TC_002_LoginTest  ****
2025-01-27 02:24:42 INFO  TC_002_LoginTest:24 - clicked on myaccount link on the home page..
2025-01-27 02:24:42 INFO  TC_002_LoginTest:26 - clicked on login link under myaccount..
2025-01-27 02:24:42 INFO  TC_002_LoginTest:30 - Entering valid email and password..
2025-01-27 02:24:44 INFO  TC_002_LoginTest:34 - clicked on login button..
2025-01-27 02:24:44 INFO  TC_002_LoginTest:53 - **** Finished TC_002_LoginTest  ****
2025-01-27 13:57:04 INFO  TC_002_LoginTest:17 - **** Starting TC_002_LoginTest  ****
2025-01-27 13:57:04 INFO  TC_002_LoginTest:24 - clicked on myaccount link on the home page..
2025-01-27 13:57:05 INFO  TC_002_LoginTest:26 - clicked on login link under myaccount..
2025-01-27 13:57:05 INFO  TC_002_LoginTest:30 - Entering valid email and password..
2025-01-27 13:57:06 INFO  TC_002_LoginTest:34 - clicked on login button..
2025-01-27 13:57:07 INFO  TC_002_LoginTest:53 - **** Finished TC_002_LoginTest  ****
